(1727877912.714976) vcan0 039#001B
(1727877912.715008) vcan0 183#0000000900001011
(1727877912.715062) vcan0 244#00000001B8
(1727877912.722614) vcan0 143#6B6B00D1
(1727877912.722665) vcan0 095#800007F400000008
(1727877912.722695) vcan0 166#D0320018
(1727877912.722721) vcan0 158#0000000000000019
(1727877912.722748) vcan0 161#000005500108001C
(1727877912.722776) vcan0 191#010090A1410003
(1727877912.722829) vcan0 164#0000C01AA8000004
(1727877912.722859) vcan0 133#00000000A7
(1727877912.722887) vcan0 136#000200000000002A
(1727877912.722915) vcan0 13A#0000000000000028
(1727877912.722942) vcan0 13F#000000050000002E
(1727877912.722970) vcan0 17C#0000000010000021
(1727877912.724112) vcan0 18E#00006B
(1727877912.724167) vcan0 1CF#80050000001E
(1727877912.724199) vcan0 1DC#0200001B
(1727877912.724228) vcan0 183#0000000600001023
(1727877912.725672) vcan0 143#6B6B00E0
(1727877912.725787) vcan0 333#0000000000002D
(1727877912.726946) vcan0 039#002A
